[2026-01-29 17:38:26Z INFO HostContext] No proxy settings were found based on environmental variables (http_proxy/https_proxy/HTTP_PROXY/HTTPS_PROXY)
[2026-01-29 17:38:26Z INFO HostContext] Well known directory 'Bin': 'C:\Users\Wilder_Ivan\Documents\PyCharm\Gestion de estudiantes\actions-runner\bin'
[2026-01-29 17:38:26Z INFO HostContext] Well known directory 'Root': 'C:\Users\Wilder_Ivan\Documents\PyCharm\Gestion de estudiantes\actions-runner'
[2026-01-29 17:38:26Z INFO HostContext] Well known config file 'Credentials': 'C:\Users\Wilder_Ivan\Documents\PyCharm\Gestion de estudiantes\actions-runner\.credentials'
[2026-01-29 17:38:26Z INFO HostContext] Well known directory 'Bin': 'C:\Users\Wilder_Ivan\Documents\PyCharm\Gestion de estudiantes\actions-runner\bin'
[2026-01-29 17:38:26Z INFO HostContext] Well known directory 'Root': 'C:\Users\Wilder_Ivan\Documents\PyCharm\Gestion de estudiantes\actions-runner'
[2026-01-29 17:38:26Z INFO HostContext] Well known config file 'Runner': 'C:\Users\Wilder_Ivan\Documents\PyCharm\Gestion de estudiantes\actions-runner\.runner'
[2026-01-29 17:38:26Z INFO Listener] Runner is built for Windows (X64) - win-x64.
[2026-01-29 17:38:26Z INFO Listener] RuntimeInformation: Microsoft Windows 10.0.26200.
[2026-01-29 17:38:26Z INFO Listener] Version: 2.331.0
[2026-01-29 17:38:26Z INFO Listener] Commit: 39f6c643d3032f8795fa71f1482731ca90c8e038
[2026-01-29 17:38:26Z INFO Listener] Culture: es-419
[2026-01-29 17:38:26Z INFO Listener] UI Culture: es-MX
[2026-01-29 17:38:26Z INFO HostContext] Well known directory 'Bin': 'C:\Users\Wilder_Ivan\Documents\PyCharm\Gestion de estudiantes\actions-runner\bin'
[2026-01-29 17:38:26Z INFO HostContext] Well known directory 'Root': 'C:\Users\Wilder_Ivan\Documents\PyCharm\Gestion de estudiantes\actions-runner'
[2026-01-29 17:38:26Z INFO Listener] Validating directory permissions for: 'C:\Users\Wilder_Ivan\Documents\PyCharm\Gestion de estudiantes\actions-runner'
[2026-01-29 17:38:26Z INFO CommandLineParser] Parse
[2026-01-29 17:38:26Z INFO CommandLineParser] Parsing 1 args
[2026-01-29 17:38:26Z INFO CommandLineParser] parsing argument
[2026-01-29 17:38:26Z INFO CommandLineParser] HasArgs: False
[2026-01-29 17:38:26Z INFO CommandLineParser] Adding Command: run
[2026-01-29 17:38:26Z INFO Listener] Arguments parsed
[2026-01-29 17:38:26Z INFO Runner] ExecuteCommand
[2026-01-29 17:38:26Z INFO ConfigurationStore] currentAssemblyLocation: C:\Users\Wilder_Ivan\Documents\PyCharm\Gestion de estudiantes\actions-runner\bin\Runner.Listener.dll
[2026-01-29 17:38:26Z INFO HostContext] Well known directory 'Bin': 'C:\Users\Wilder_Ivan\Documents\PyCharm\Gestion de estudiantes\actions-runner\bin'
[2026-01-29 17:38:26Z INFO ConfigurationStore] binPath: C:\Users\Wilder_Ivan\Documents\PyCharm\Gestion de estudiantes\actions-runner\bin
[2026-01-29 17:38:26Z INFO HostContext] Well known directory 'Bin': 'C:\Users\Wilder_Ivan\Documents\PyCharm\Gestion de estudiantes\actions-runner\bin'
[2026-01-29 17:38:26Z INFO HostContext] Well known directory 'Root': 'C:\Users\Wilder_Ivan\Documents\PyCharm\Gestion de estudiantes\actions-runner'
[2026-01-29 17:38:26Z INFO ConfigurationStore] RootFolder: C:\Users\Wilder_Ivan\Documents\PyCharm\Gestion de estudiantes\actions-runner
[2026-01-29 17:38:26Z INFO HostContext] Well known directory 'Bin': 'C:\Users\Wilder_Ivan\Documents\PyCharm\Gestion de estudiantes\actions-runner\bin'
[2026-01-29 17:38:26Z INFO HostContext] Well known directory 'Root': 'C:\Users\Wilder_Ivan\Documents\PyCharm\Gestion de estudiantes\actions-runner'
[2026-01-29 17:38:26Z INFO HostContext] Well known config file 'Runner': 'C:\Users\Wilder_Ivan\Documents\PyCharm\Gestion de estudiantes\actions-runner\.runner'
[2026-01-29 17:38:26Z INFO ConfigurationStore] ConfigFilePath: C:\Users\Wilder_Ivan\Documents\PyCharm\Gestion de estudiantes\actions-runner\.runner
[2026-01-29 17:38:26Z INFO HostContext] Well known directory 'Bin': 'C:\Users\Wilder_Ivan\Documents\PyCharm\Gestion de estudiantes\actions-runner\bin'
[2026-01-29 17:38:26Z INFO HostContext] Well known directory 'Root': 'C:\Users\Wilder_Ivan\Documents\PyCharm\Gestion de estudiantes\actions-runner'
[2026-01-29 17:38:26Z INFO HostContext] Well known config file 'MigratedRunner': 'C:\Users\Wilder_Ivan\Documents\PyCharm\Gestion de estudiantes\actions-runner\.runner_migrated'
[2026-01-29 17:38:26Z INFO ConfigurationStore] MigratedConfigFilePath: C:\Users\Wilder_Ivan\Documents\PyCharm\Gestion de estudiantes\actions-runner\.runner_migrated
[2026-01-29 17:38:26Z INFO HostContext] Well known directory 'Bin': 'C:\Users\Wilder_Ivan\Documents\PyCharm\Gestion de estudiantes\actions-runner\bin'
[2026-01-29 17:38:26Z INFO HostContext] Well known directory 'Root': 'C:\Users\Wilder_Ivan\Documents\PyCharm\Gestion de estudiantes\actions-runner'
[2026-01-29 17:38:26Z INFO HostContext] Well known config file 'Credentials': 'C:\Users\Wilder_Ivan\Documents\PyCharm\Gestion de estudiantes\actions-runner\.credentials'
[2026-01-29 17:38:26Z INFO ConfigurationStore] CredFilePath: C:\Users\Wilder_Ivan\Documents\PyCharm\Gestion de estudiantes\actions-runner\.credentials
[2026-01-29 17:38:26Z INFO HostContext] Well known directory 'Bin': 'C:\Users\Wilder_Ivan\Documents\PyCharm\Gestion de estudiantes\actions-runner\bin'
[2026-01-29 17:38:26Z INFO HostContext] Well known directory 'Root': 'C:\Users\Wilder_Ivan\Documents\PyCharm\Gestion de estudiantes\actions-runner'
[2026-01-29 17:38:26Z INFO HostContext] Well known config file 'MigratedCredentials': 'C:\Users\Wilder_Ivan\Documents\PyCharm\Gestion de estudiantes\actions-runner\.credentials_migrated'
[2026-01-29 17:38:26Z INFO ConfigurationStore] MigratedCredFilePath: C:\Users\Wilder_Ivan\Documents\PyCharm\Gestion de estudiantes\actions-runner\.credentials_migrated
[2026-01-29 17:38:26Z INFO HostContext] Well known directory 'Bin': 'C:\Users\Wilder_Ivan\Documents\PyCharm\Gestion de estudiantes\actions-runner\bin'
[2026-01-29 17:38:26Z INFO HostContext] Well known directory 'Root': 'C:\Users\Wilder_Ivan\Documents\PyCharm\Gestion de estudiantes\actions-runner'
[2026-01-29 17:38:26Z INFO HostContext] Well known config file 'Service': 'C:\Users\Wilder_Ivan\Documents\PyCharm\Gestion de estudiantes\actions-runner\.service'
[2026-01-29 17:38:26Z INFO ConfigurationStore] ServiceConfigFilePath: C:\Users\Wilder_Ivan\Documents\PyCharm\Gestion de estudiantes\actions-runner\.service
[2026-01-29 17:38:26Z INFO CommandSettings] Flag 'help': 'False'
[2026-01-29 17:38:26Z INFO CommandSettings] Flag 'version': 'False'
[2026-01-29 17:38:26Z INFO CommandSettings] Flag 'commit': 'False'
[2026-01-29 17:38:26Z INFO CommandSettings] Flag 'check': 'False'
[2026-01-29 17:38:26Z INFO CommandSettings] Command 'configure': 'False'
[2026-01-29 17:38:26Z INFO CommandSettings] Command 'remove': 'False'
[2026-01-29 17:38:26Z INFO CommandSettings] Command 'warmup': 'False'
[2026-01-29 17:38:26Z INFO ConfigurationManager] LoadSettings
[2026-01-29 17:38:26Z INFO ConfigurationStore] IsConfigured()
[2026-01-29 17:38:26Z INFO ConfigurationStore] IsConfigured: True
[2026-01-29 17:38:26Z INFO ConfigurationManager] Is configured: True
[2026-01-29 17:38:26Z INFO ConfigurationStore] Read setting file: 399 chars
[2026-01-29 17:38:26Z INFO ConfigurationManager] Settings Loaded
[2026-01-29 17:38:26Z INFO ConfigurationStore] IsServiceConfigured()
[2026-01-29 17:38:26Z INFO ConfigurationStore] IsServiceConfigured: False
[2026-01-29 17:38:26Z INFO CommandSettings] Command 'run': 'True'
[2026-01-29 17:38:26Z INFO ConfigurationStore] IsConfigured()
[2026-01-29 17:38:26Z INFO ConfigurationStore] IsConfigured: True
[2026-01-29 17:38:26Z INFO ConfigurationManager] Is configured: True
[2026-01-29 17:38:26Z INFO Runner] Could not parse the argument value '' for StartupType. Defaulting to Manual
[2026-01-29 17:38:26Z INFO Runner] Set runner startup type - Manual
[2026-01-29 17:38:26Z INFO CommandSettings] Flag 'once': 'False'
[2026-01-29 17:38:26Z INFO CommandSettings] Flag 'once': 'False'
[2026-01-29 17:38:26Z INFO Runner] RunAsync
[2026-01-29 17:38:26Z INFO ConfigurationManager] LoadMigratedSettings
[2026-01-29 17:38:26Z INFO ConfigurationStore] IsMigratedConfigured()
[2026-01-29 17:38:26Z INFO ConfigurationStore] IsMigratedConfigured: False
[2026-01-29 17:38:26Z INFO Runner] Failed to load migrated settings: No migrated configuration found.
[2026-01-29 17:38:26Z INFO Runner] Falling back to original .runner settings
[2026-01-29 17:38:26Z INFO Runner] Using BrokerMessageListener
[2026-01-29 17:38:26Z INFO BrokerMessageListener] Using provided settings
[2026-01-29 17:38:26Z INFO BrokerMessageListener] {
  "AgentId": 3,
  "AgentName": "WILDER",
  "PoolId": 1,
  "PoolName": "Default",
  "ServerUrl": "https://pipelinesghubeus24.actions.githubusercontent.com/RTN4R0V6xVWGgnxXQeSZ1MTTri6PwC5ztHGEJmaXuO6Lct0pMY/",
  "GitHubUrl": "https://github.com/ZpudpZ/Sistema-de-Estudiantes",
  "WorkFolder": "_work",
  "UseV2Flow": true,
  "ServerUrlV2": "https://broker.actions.githubusercontent.com/"
}
[2026-01-29 17:38:26Z INFO BrokerMessageListener] Loading Credentials
[2026-01-29 17:38:26Z INFO ConfigurationStore] HasCredentials()
[2026-01-29 17:38:26Z INFO ConfigurationStore] stored True
[2026-01-29 17:38:26Z INFO CredentialManager] GetCredentialProvider
[2026-01-29 17:38:26Z INFO CredentialManager] Creating type OAuth
[2026-01-29 17:38:26Z INFO CredentialManager] Creating credential type: OAuth
[2026-01-29 17:38:26Z INFO HostContext] Well known directory 'Bin': 'C:\Users\Wilder_Ivan\Documents\PyCharm\Gestion de estudiantes\actions-runner\bin'
[2026-01-29 17:38:26Z INFO HostContext] Well known directory 'Root': 'C:\Users\Wilder_Ivan\Documents\PyCharm\Gestion de estudiantes\actions-runner'
[2026-01-29 17:38:26Z INFO HostContext] Well known config file 'RSACredentials': 'C:\Users\Wilder_Ivan\Documents\PyCharm\Gestion de estudiantes\actions-runner\.credentials_rsaparams'
[2026-01-29 17:38:26Z INFO RSAEncryptedFileKeyManager] Loading RSA key parameters from file C:\Users\Wilder_Ivan\Documents\PyCharm\Gestion de estudiantes\actions-runner\.credentials_rsaparams
[2026-01-29 17:38:26Z INFO BrokerMessageListener] Attempt to create session.
[2026-01-29 17:38:26Z INFO BrokerMessageListener] Connecting to the Broker Server...
[2026-01-29 17:38:26Z INFO ConfigurationStore] HasCredentials()
[2026-01-29 17:38:26Z INFO ConfigurationStore] stored True
[2026-01-29 17:38:26Z INFO CredentialManager] GetCredentialProvider
[2026-01-29 17:38:26Z INFO CredentialManager] Creating type OAuth
[2026-01-29 17:38:26Z INFO CredentialManager] Creating credential type: OAuth
[2026-01-29 17:38:26Z INFO RSAEncryptedFileKeyManager] Loading RSA key parameters from file C:\Users\Wilder_Ivan\Documents\PyCharm\Gestion de estudiantes\actions-runner\.credentials_rsaparams
[2026-01-29 17:38:26Z INFO BrokerMessageListener] VssConnection created
[2026-01-29 17:38:26Z INFO BrokerMessageListener] Connecting to the Runner server...
[2026-01-29 17:38:26Z INFO RunnerServer] EstablishVssConnection
[2026-01-29 17:38:26Z INFO RunnerServer] Establish connection with 100 seconds timeout.
[2026-01-29 17:38:26Z INFO GitHubActionsService] Starting operation Location.GetConnectionData
[2026-01-29 17:38:27Z INFO RunnerServer] EstablishVssConnection
[2026-01-29 17:38:27Z INFO RunnerServer] Establish connection with 60 seconds timeout.
[2026-01-29 17:38:27Z INFO GitHubActionsService] Starting operation Location.GetConnectionData
[2026-01-29 17:38:27Z INFO RunnerServer] EstablishVssConnection
[2026-01-29 17:38:27Z INFO RunnerServer] Establish connection with 60 seconds timeout.
[2026-01-29 17:38:27Z INFO GitHubActionsService] Starting operation Location.GetConnectionData
[2026-01-29 17:38:28Z INFO GitHubActionsService] Finished operation Location.GetConnectionData
[2026-01-29 17:38:28Z INFO GitHubActionsService] Finished operation Location.GetConnectionData
[2026-01-29 17:38:28Z INFO GitHubActionsService] Finished operation Location.GetConnectionData
[2026-01-29 17:38:28Z INFO BrokerMessageListener] VssConnection created
[2026-01-29 17:38:28Z INFO Terminal] WRITE LINE: 
[2026-01-29 17:38:28Z INFO Terminal] WRITE LINE: 
[2026-01-29 17:38:28Z INFO RSAEncryptedFileKeyManager] Loading RSA key parameters from file C:\Users\Wilder_Ivan\Documents\PyCharm\Gestion de estudiantes\actions-runner\.credentials_rsaparams
[2026-01-29 17:38:28Z INFO RSAEncryptedFileKeyManager] Loading RSA key parameters from file C:\Users\Wilder_Ivan\Documents\PyCharm\Gestion de estudiantes\actions-runner\.credentials_rsaparams
[2026-01-29 17:38:29Z INFO GitHubActionsService] AAD Correlation ID for this token request: Unknown
[2026-01-29 17:38:31Z INFO BrokerMessageListener] Session created.
[2026-01-29 17:38:31Z INFO Terminal] WRITE LINE: Current runner version: '2.331.0'
[2026-01-29 17:38:31Z INFO Terminal] WRITE LINE: 2026-01-29 17:38:31Z: Listening for Jobs
[2026-01-29 17:38:31Z INFO JobDispatcher] Set runner/worker IPC timeout to 30 seconds.
[2026-01-29 17:41:30Z INFO BrokerMessageListener] Acknowledging runner request '8d85ea92-a8e1-5925-87b3-703e40b437ec'.
[2026-01-29 17:41:31Z INFO ConfigurationStore] HasCredentials()
[2026-01-29 17:41:31Z INFO ConfigurationStore] stored True
[2026-01-29 17:41:31Z INFO CredentialManager] GetCredentialProvider
[2026-01-29 17:41:31Z INFO CredentialManager] Creating type OAuth
[2026-01-29 17:41:31Z INFO CredentialManager] Creating credential type: OAuth
[2026-01-29 17:41:31Z INFO RSAEncryptedFileKeyManager] Loading RSA key parameters from file C:\Users\Wilder_Ivan\Documents\PyCharm\Gestion de estudiantes\actions-runner\.credentials_rsaparams
[2026-01-29 17:41:31Z INFO RSAEncryptedFileKeyManager] Loading RSA key parameters from file C:\Users\Wilder_Ivan\Documents\PyCharm\Gestion de estudiantes\actions-runner\.credentials_rsaparams
[2026-01-29 17:41:31Z INFO RSAEncryptedFileKeyManager] Loading RSA key parameters from file C:\Users\Wilder_Ivan\Documents\PyCharm\Gestion de estudiantes\actions-runner\.credentials_rsaparams
[2026-01-29 17:41:32Z INFO GitHubActionsService] AAD Correlation ID for this token request: Unknown
[2026-01-29 17:41:33Z INFO JobDispatcher] Job request 0 for plan a9827e8a-9719-4dc7-a390-ba851f996005 job 8d85ea92-a8e1-5925-87b3-703e40b437ec received.
[2026-01-29 17:41:33Z INFO JobDispatcher] Pull OrchestrationId a9827e8a-9719-4dc7-a390-ba851f996005.deploy-to-server.__default from JWT claims
[2026-01-29 17:41:33Z INFO BrokerMessageListener] Received job status event. JobState: Busy
[2026-01-29 17:41:33Z INFO BrokerMessageListener] _getMessagesTokenSource is already disposed.
[2026-01-29 17:41:33Z INFO Terminal] WRITE LINE: 2026-01-29 17:41:33Z: Running job: deploy-to-server
[2026-01-29 17:41:33Z INFO JobDispatcher] Start renew job request 0 for job 8d85ea92-a8e1-5925-87b3-703e40b437ec.
[2026-01-29 17:41:34Z INFO JobDispatcher] Successfully renew job 8d85ea92-a8e1-5925-87b3-703e40b437ec, job is valid till 29/1/2026 17:51:06
[2026-01-29 17:41:34Z INFO HostContext] Well known directory 'Bin': 'C:\Users\Wilder_Ivan\Documents\PyCharm\Gestion de estudiantes\actions-runner\bin'
[2026-01-29 17:41:34Z INFO ProcessInvokerWrapper] Starting process:
[2026-01-29 17:41:34Z INFO ProcessInvokerWrapper]   File name: 'C:\Users\Wilder_Ivan\Documents\PyCharm\Gestion de estudiantes\actions-runner\bin\Runner.Worker.exe'
[2026-01-29 17:41:34Z INFO ProcessInvokerWrapper]   Arguments: 'spawnclient 2204 1528'
[2026-01-29 17:41:34Z INFO ProcessInvokerWrapper]   Working directory: 'C:\Users\Wilder_Ivan\Documents\PyCharm\Gestion de estudiantes\actions-runner\bin'
[2026-01-29 17:41:34Z INFO ProcessInvokerWrapper]   Require exit code zero: 'False'
[2026-01-29 17:41:34Z INFO ProcessInvokerWrapper]   Encoding web name:  ; code page: ''
[2026-01-29 17:41:34Z INFO ProcessInvokerWrapper]   Force kill process on cancellation: 'True'
[2026-01-29 17:41:34Z INFO ProcessInvokerWrapper]   Redirected STDIN: 'False'
[2026-01-29 17:41:34Z INFO ProcessInvokerWrapper]   Persist current code page: 'False'
[2026-01-29 17:41:34Z INFO ProcessInvokerWrapper]   Keep redirected STDIN open: 'False'
[2026-01-29 17:41:34Z INFO ProcessInvokerWrapper]   High priority process: 'True'
[2026-01-29 17:41:34Z INFO ProcessInvokerWrapper] Process started with process id 24964, waiting for process exit.
[2026-01-29 17:41:34Z INFO JobDispatcher] Send job request message to worker for job 8d85ea92-a8e1-5925-87b3-703e40b437ec.
[2026-01-29 17:41:35Z INFO ProcessChannel] Sending message of length 20470, with hash '2760b8bd723fdb60b855dc88a44605d7495481ad3401e90067dd91949308a1da'
[2026-01-29 17:41:35Z INFO JobNotification] Entering JobStarted Notification
[2026-01-29 17:41:35Z INFO JobNotification] Entering StartMonitor
[2026-01-29 17:42:35Z INFO JobDispatcher] Successfully renew job 8d85ea92-a8e1-5925-87b3-703e40b437ec, job is valid till 29/1/2026 17:52:06
[2026-01-29 17:42:46Z INFO ProcessInvokerWrapper] STDOUT/STDERR stream read finished.
[2026-01-29 17:42:46Z INFO ProcessInvokerWrapper] STDOUT/STDERR stream read finished.
[2026-01-29 17:42:46Z INFO ProcessInvokerWrapper] Finished process 24964 with exit code 102, and elapsed time 00:01:11.1629650.
[2026-01-29 17:42:46Z INFO JobDispatcher] Worker finished for job 8d85ea92-a8e1-5925-87b3-703e40b437ec. Code: 102
[2026-01-29 17:42:46Z INFO JobDispatcher] finish job request for job 8d85ea92-a8e1-5925-87b3-703e40b437ec with result: Failed
[2026-01-29 17:42:46Z INFO Terminal] WRITE LINE: 2026-01-29 17:42:46Z: Job deploy-to-server completed with result: Failed
[2026-01-29 17:42:46Z INFO JobDispatcher] Stop renew job request for job 8d85ea92-a8e1-5925-87b3-703e40b437ec.
[2026-01-29 17:42:46Z INFO JobDispatcher] job renew has been cancelled, stop renew job 8d85ea92-a8e1-5925-87b3-703e40b437ec.
[2026-01-29 17:42:46Z INFO JobNotification] Entering JobCompleted Notification
[2026-01-29 17:42:46Z INFO JobNotification] Entering EndMonitor
[2026-01-29 17:42:46Z INFO BrokerMessageListener] Received job status event. JobState: Online
[2026-01-29 17:42:46Z WARN GitHubActionsService] GET request to https://broker.actions.githubusercontent.com/message?sessionId=e258d777-f977-4ebb-b329-5309ef021058&status=Busy&runnerVersion=2.331.0&os=Windows&architecture=X64&disableUpdate=false has been cancelled.
[2026-01-29 17:42:46Z ERR  BrokerServer] Catch exception during request
[2026-01-29 17:42:46Z ERR  BrokerServer] System.Threading.Tasks.TaskCanceledException: The operation was canceled.
 ---> System.Threading.Tasks.TaskCanceledException: The operation was canceled.
 ---> System.IO.IOException: Unable to read data from the transport connection: La operación de E/S se anuló por una salida de subproceso o por una solicitud de aplicación..
 ---> System.Net.Sockets.SocketException (995): La operación de E/S se anuló por una salida de subproceso o por una solicitud de aplicación.
   --- End of inner exception stack trace ---
   at System.Net.Sockets.Socket.AwaitableSocketAsyncEventArgs.ThrowException(SocketError error, CancellationToken cancellationToken)
   at System.Net.Sockets.Socket.AwaitableSocketAsyncEventArgs.System.Threading.Tasks.Sources.IValueTaskSource<System.Int32>.GetResult(Int16 token)
   at System.Net.Security.SslStream.EnsureFullTlsFrameAsync[TIOAdapter](CancellationToken cancellationToken, Int32 estimatedSize)
   at System.Runtime.CompilerServices.PoolingAsyncValueTaskMethodBuilder`1.StateMachineBox`1.System.Threading.Tasks.Sources.IValueTaskSource<TResult>.GetResult(Int16 token)
   at System.Net.Security.SslStream.ReadAsyncInternal[TIOAdapter](Memory`1 buffer, CancellationToken cancellationToken)
   at System.Runtime.CompilerServices.PoolingAsyncValueTaskMethodBuilder`1.StateMachineBox`1.System.Threading.Tasks.Sources.IValueTaskSource<TResult>.GetResult(Int16 token)
   at System.Net.Http.HttpConnection.SendAsync(HttpRequestMessage request, Boolean async, CancellationToken cancellationToken)
   --- End of inner exception stack trace ---
   at System.Net.Http.HttpConnection.SendAsync(HttpRequestMessage request, Boolean async, CancellationToken cancellationToken)
   at System.Net.Http.AuthenticationHelper.SendWithNtAuthAsync(HttpRequestMessage request, Uri authUri, Boolean async, ICredentials credentials, Boolean isProxyAuth, HttpConnection connection, HttpConnectionPool connectionPool, CancellationToken cancellationToken)
   at System.Net.Http.HttpConnectionPool.SendWithVersionDetectionAndRetryAsync(HttpRequestMessage request, Boolean async, Boolean doRequestAuth, CancellationToken cancellationToken)
   at System.Net.Http.AuthenticationHelper.SendWithAuthAsync(HttpRequestMessage request, Uri authUri, Boolean async, ICredentials credentials, Boolean preAuthenticate, Boolean isProxyAuth, Boolean doRequestAuth, HttpConnectionPool pool, CancellationToken cancellationToken)
   at System.Net.Http.RedirectHandler.SendAsync(HttpRequestMessage request, Boolean async, CancellationToken cancellationToken)
   at GitHub.Services.Common.RawHttpMessageHandler.SendAsync(HttpRequestMessage request, CancellationToken cancellationToken)
   at GitHub.Services.Common.VssHttpRetryMessageHandler.SendAsync(HttpRequestMessage request, CancellationToken cancellationToken)
   at System.Net.Http.HttpClient.<SendAsync>g__Core|83_0(HttpRequestMessage request, HttpCompletionOption completionOption, CancellationTokenSource cts, Boolean disposeCts, CancellationTokenSource pendingRequestsCts, CancellationToken originalCancellationToken)
   --- End of inner exception stack trace ---
   at System.Net.Http.HttpClient.HandleFailure(Exception e, Boolean telemetryStarted, HttpResponseMessage response, CancellationTokenSource cts, CancellationToken cancellationToken, CancellationTokenSource pendingRequestsCts)
   at System.Net.Http.HttpClient.<SendAsync>g__Core|83_0(HttpRequestMessage request, HttpCompletionOption completionOption, CancellationTokenSource cts, Boolean disposeCts, CancellationTokenSource pendingRequestsCts, CancellationToken originalCancellationToken)
   at Sdk.WebApi.WebApi.RawHttpClientBase.SendAsync(HttpRequestMessage message, HttpCompletionOption completionOption, Object userState, CancellationToken cancellationToken)
   at Sdk.WebApi.WebApi.RawHttpClientBase.SendAsync[T](HttpRequestMessage message, Boolean readErrorBody, Object userState, CancellationToken cancellationToken)
   at Sdk.WebApi.WebApi.RawHttpClientBase.SendAsync[T](HttpMethod method, IEnumerable`1 additionalHeaders, Uri requestUri, HttpContent content, IEnumerable`1 queryParameters, Boolean readErrorBody, Object userState, CancellationToken cancellationToken)
   at GitHub.Actions.RunService.WebApi.BrokerHttpClient.GetRunnerMessageAsync(Nullable`1 sessionId, String runnerVersion, Nullable`1 status, String os, String architecture, Nullable`1 disableUpdate, CancellationToken cancellationToken)
   at GitHub.Runner.Common.BrokerServer.<>c__DisplayClass7_0.<<GetRunnerMessageAsync>b__0>d.MoveNext()
--- End of stack trace from previous location ---
   at GitHub.Runner.Common.RunnerService.RetryRequest[T](Func`1 func, CancellationToken cancellationToken, Int32 maxAttempts, Func`2 shouldRetry)
[2026-01-29 17:42:46Z ERR  BrokerServer] #####################################################
[2026-01-29 17:42:46Z ERR  BrokerServer] System.Threading.Tasks.TaskCanceledException: The operation was canceled.
 ---> System.IO.IOException: Unable to read data from the transport connection: La operación de E/S se anuló por una salida de subproceso o por una solicitud de aplicación..
 ---> System.Net.Sockets.SocketException (995): La operación de E/S se anuló por una salida de subproceso o por una solicitud de aplicación.
   --- End of inner exception stack trace ---
   at System.Net.Sockets.Socket.AwaitableSocketAsyncEventArgs.ThrowException(SocketError error, CancellationToken cancellationToken)
   at System.Net.Sockets.Socket.AwaitableSocketAsyncEventArgs.System.Threading.Tasks.Sources.IValueTaskSource<System.Int32>.GetResult(Int16 token)
   at System.Net.Security.SslStream.EnsureFullTlsFrameAsync[TIOAdapter](CancellationToken cancellationToken, Int32 estimatedSize)
   at System.Runtime.CompilerServices.PoolingAsyncValueTaskMethodBuilder`1.StateMachineBox`1.System.Threading.Tasks.Sources.IValueTaskSource<TResult>.GetResult(Int16 token)
   at System.Net.Security.SslStream.ReadAsyncInternal[TIOAdapter](Memory`1 buffer, CancellationToken cancellationToken)
   at System.Runtime.CompilerServices.PoolingAsyncValueTaskMethodBuilder`1.StateMachineBox`1.System.Threading.Tasks.Sources.IValueTaskSource<TResult>.GetResult(Int16 token)
   at System.Net.Http.HttpConnection.SendAsync(HttpRequestMessage request, Boolean async, CancellationToken cancellationToken)
   --- End of inner exception stack trace ---
   at System.Net.Http.HttpConnection.SendAsync(HttpRequestMessage request, Boolean async, CancellationToken cancellationToken)
   at System.Net.Http.AuthenticationHelper.SendWithNtAuthAsync(HttpRequestMessage request, Uri authUri, Boolean async, ICredentials credentials, Boolean isProxyAuth, HttpConnection connection, HttpConnectionPool connectionPool, CancellationToken cancellationToken)
   at System.Net.Http.HttpConnectionPool.SendWithVersionDetectionAndRetryAsync(HttpRequestMessage request, Boolean async, Boolean doRequestAuth, CancellationToken cancellationToken)
   at System.Net.Http.AuthenticationHelper.SendWithAuthAsync(HttpRequestMessage request, Uri authUri, Boolean async, ICredentials credentials, Boolean preAuthenticate, Boolean isProxyAuth, Boolean doRequestAuth, HttpConnectionPool pool, CancellationToken cancellationToken)
   at System.Net.Http.RedirectHandler.SendAsync(HttpRequestMessage request, Boolean async, CancellationToken cancellationToken)
   at GitHub.Services.Common.RawHttpMessageHandler.SendAsync(HttpRequestMessage request, CancellationToken cancellationToken)
   at GitHub.Services.Common.VssHttpRetryMessageHandler.SendAsync(HttpRequestMessage request, CancellationToken cancellationToken)
   at System.Net.Http.HttpClient.<SendAsync>g__Core|83_0(HttpRequestMessage request, HttpCompletionOption completionOption, CancellationTokenSource cts, Boolean disposeCts, CancellationTokenSource pendingRequestsCts, CancellationToken originalCancellationToken)
[2026-01-29 17:42:46Z ERR  BrokerServer] #####################################################
[2026-01-29 17:42:46Z ERR  BrokerServer] System.IO.IOException: Unable to read data from the transport connection: La operación de E/S se anuló por una salida de subproceso o por una solicitud de aplicación..
 ---> System.Net.Sockets.SocketException (995): La operación de E/S se anuló por una salida de subproceso o por una solicitud de aplicación.
   --- End of inner exception stack trace ---
   at System.Net.Sockets.Socket.AwaitableSocketAsyncEventArgs.ThrowException(SocketError error, CancellationToken cancellationToken)
   at System.Net.Sockets.Socket.AwaitableSocketAsyncEventArgs.System.Threading.Tasks.Sources.IValueTaskSource<System.Int32>.GetResult(Int16 token)
   at System.Net.Security.SslStream.EnsureFullTlsFrameAsync[TIOAdapter](CancellationToken cancellationToken, Int32 estimatedSize)
   at System.Runtime.CompilerServices.PoolingAsyncValueTaskMethodBuilder`1.StateMachineBox`1.System.Threading.Tasks.Sources.IValueTaskSource<TResult>.GetResult(Int16 token)
   at System.Net.Security.SslStream.ReadAsyncInternal[TIOAdapter](Memory`1 buffer, CancellationToken cancellationToken)
   at System.Runtime.CompilerServices.PoolingAsyncValueTaskMethodBuilder`1.StateMachineBox`1.System.Threading.Tasks.Sources.IValueTaskSource<TResult>.GetResult(Int16 token)
   at System.Net.Http.HttpConnection.SendAsync(HttpRequestMessage request, Boolean async, CancellationToken cancellationToken)
[2026-01-29 17:42:46Z ERR  BrokerServer] #####################################################
[2026-01-29 17:42:46Z ERR  BrokerServer] System.Net.Sockets.SocketException (995): La operación de E/S se anuló por una salida de subproceso o por una solicitud de aplicación.
[2026-01-29 17:42:46Z WARN BrokerServer] Back off 10.541 seconds before next retry. 4 attempt left.
[2026-01-29 17:42:46Z INFO BrokerMessageListener] Get messages has been cancelled using local token source. Continue to get messages with new status.
[2026-01-29 17:44:31Z INFO Terminal] WRITE LINE: Exiting...
[2026-01-29 17:44:31Z INFO ConfigurationStore] IsServiceConfigured()
[2026-01-29 17:44:31Z INFO ConfigurationStore] IsServiceConfigured: False
[2026-01-29 17:44:31Z INFO HostContext] Runner will be shutdown for UserCancelled
[2026-01-29 17:44:31Z WARN GitHubActionsService] GET request to https://broker.actions.githubusercontent.com/message?sessionId=e258d777-f977-4ebb-b329-5309ef021058&status=Online&runnerVersion=2.331.0&os=Windows&architecture=X64&disableUpdate=false has been cancelled.
[2026-01-29 17:44:31Z ERR  BrokerServer] Catch exception during request
[2026-01-29 17:44:31Z ERR  BrokerServer] System.Threading.Tasks.TaskCanceledException: The operation was canceled.
 ---> System.Threading.Tasks.TaskCanceledException: The operation was canceled.
 ---> System.IO.IOException: Unable to read data from the transport connection: La operación de E/S se anuló por una salida de subproceso o por una solicitud de aplicación..
 ---> System.Net.Sockets.SocketException (995): La operación de E/S se anuló por una salida de subproceso o por una solicitud de aplicación.
   --- End of inner exception stack trace ---
   at System.Net.Sockets.Socket.AwaitableSocketAsyncEventArgs.ThrowException(SocketError error, CancellationToken cancellationToken)
   at System.Net.Sockets.Socket.AwaitableSocketAsyncEventArgs.System.Threading.Tasks.Sources.IValueTaskSource<System.Int32>.GetResult(Int16 token)
   at System.Net.Security.SslStream.EnsureFullTlsFrameAsync[TIOAdapter](CancellationToken cancellationToken, Int32 estimatedSize)
   at System.Runtime.CompilerServices.PoolingAsyncValueTaskMethodBuilder`1.StateMachineBox`1.System.Threading.Tasks.Sources.IValueTaskSource<TResult>.GetResult(Int16 token)
   at System.Net.Security.SslStream.ReadAsyncInternal[TIOAdapter](Memory`1 buffer, CancellationToken cancellationToken)
   at System.Runtime.CompilerServices.PoolingAsyncValueTaskMethodBuilder`1.StateMachineBox`1.System.Threading.Tasks.Sources.IValueTaskSource<TResult>.GetResult(Int16 token)
   at System.Net.Http.HttpConnection.SendAsync(HttpRequestMessage request, Boolean async, CancellationToken cancellationToken)
   --- End of inner exception stack trace ---
   at System.Net.Http.HttpConnection.SendAsync(HttpRequestMessage request, Boolean async, CancellationToken cancellationToken)
   at System.Net.Http.AuthenticationHelper.SendWithNtAuthAsync(HttpRequestMessage request, Uri authUri, Boolean async, ICredentials credentials, Boolean isProxyAuth, HttpConnection connection, HttpConnectionPool connectionPool, CancellationToken cancellationToken)
   at System.Net.Http.HttpConnectionPool.SendWithVersionDetectionAndRetryAsync(HttpRequestMessage request, Boolean async, Boolean doRequestAuth, CancellationToken cancellationToken)
   at System.Net.Http.AuthenticationHelper.SendWithAuthAsync(HttpRequestMessage request, Uri authUri, Boolean async, ICredentials credentials, Boolean preAuthenticate, Boolean isProxyAuth, Boolean doRequestAuth, HttpConnectionPool pool, CancellationToken cancellationToken)
   at System.Net.Http.RedirectHandler.SendAsync(HttpRequestMessage request, Boolean async, CancellationToken cancellationToken)
   at GitHub.Services.Common.RawHttpMessageHandler.SendAsync(HttpRequestMessage request, CancellationToken cancellationToken)
   at GitHub.Services.Common.VssHttpRetryMessageHandler.SendAsync(HttpRequestMessage request, CancellationToken cancellationToken)
   at System.Net.Http.HttpClient.<SendAsync>g__Core|83_0(HttpRequestMessage request, HttpCompletionOption completionOption, CancellationTokenSource cts, Boolean disposeCts, CancellationTokenSource pendingRequestsCts, CancellationToken originalCancellationToken)
   --- End of inner exception stack trace ---
   at System.Net.Http.HttpClient.HandleFailure(Exception e, Boolean telemetryStarted, HttpResponseMessage response, CancellationTokenSource cts, CancellationToken cancellationToken, CancellationTokenSource pendingRequestsCts)
   at System.Net.Http.HttpClient.<SendAsync>g__Core|83_0(HttpRequestMessage request, HttpCompletionOption completionOption, CancellationTokenSource cts, Boolean disposeCts, CancellationTokenSource pendingRequestsCts, CancellationToken originalCancellationToken)
   at Sdk.WebApi.WebApi.RawHttpClientBase.SendAsync(HttpRequestMessage message, HttpCompletionOption completionOption, Object userState, CancellationToken cancellationToken)
   at Sdk.WebApi.WebApi.RawHttpClientBase.SendAsync[T](HttpRequestMessage message, Boolean readErrorBody, Object userState, CancellationToken cancellationToken)
   at Sdk.WebApi.WebApi.RawHttpClientBase.SendAsync[T](HttpMethod method, IEnumerable`1 additionalHeaders, Uri requestUri, HttpContent content, IEnumerable`1 queryParameters, Boolean readErrorBody, Object userState, CancellationToken cancellationToken)
   at GitHub.Actions.RunService.WebApi.BrokerHttpClient.GetRunnerMessageAsync(Nullable`1 sessionId, String runnerVersion, Nullable`1 status, String os, String architecture, Nullable`1 disableUpdate, CancellationToken cancellationToken)
   at GitHub.Runner.Common.BrokerServer.<>c__DisplayClass7_0.<<GetRunnerMessageAsync>b__0>d.MoveNext()
--- End of stack trace from previous location ---
   at GitHub.Runner.Common.RunnerService.RetryRequest[T](Func`1 func, CancellationToken cancellationToken, Int32 maxAttempts, Func`2 shouldRetry)
[2026-01-29 17:44:31Z ERR  BrokerServer] #####################################################
[2026-01-29 17:44:31Z ERR  BrokerServer] System.Threading.Tasks.TaskCanceledException: The operation was canceled.
 ---> System.IO.IOException: Unable to read data from the transport connection: La operación de E/S se anuló por una salida de subproceso o por una solicitud de aplicación..
 ---> System.Net.Sockets.SocketException (995): La operación de E/S se anuló por una salida de subproceso o por una solicitud de aplicación.
   --- End of inner exception stack trace ---
   at System.Net.Sockets.Socket.AwaitableSocketAsyncEventArgs.ThrowException(SocketError error, CancellationToken cancellationToken)
   at System.Net.Sockets.Socket.AwaitableSocketAsyncEventArgs.System.Threading.Tasks.Sources.IValueTaskSource<System.Int32>.GetResult(Int16 token)
   at System.Net.Security.SslStream.EnsureFullTlsFrameAsync[TIOAdapter](CancellationToken cancellationToken, Int32 estimatedSize)
   at System.Runtime.CompilerServices.PoolingAsyncValueTaskMethodBuilder`1.StateMachineBox`1.System.Threading.Tasks.Sources.IValueTaskSource<TResult>.GetResult(Int16 token)
   at System.Net.Security.SslStream.ReadAsyncInternal[TIOAdapter](Memory`1 buffer, CancellationToken cancellationToken)
   at System.Runtime.CompilerServices.PoolingAsyncValueTaskMethodBuilder`1.StateMachineBox`1.System.Threading.Tasks.Sources.IValueTaskSource<TResult>.GetResult(Int16 token)
   at System.Net.Http.HttpConnection.SendAsync(HttpRequestMessage request, Boolean async, CancellationToken cancellationToken)
   --- End of inner exception stack trace ---
   at System.Net.Http.HttpConnection.SendAsync(HttpRequestMessage request, Boolean async, CancellationToken cancellationToken)
   at System.Net.Http.AuthenticationHelper.SendWithNtAuthAsync(HttpRequestMessage request, Uri authUri, Boolean async, ICredentials credentials, Boolean isProxyAuth, HttpConnection connection, HttpConnectionPool connectionPool, CancellationToken cancellationToken)
   at System.Net.Http.HttpConnectionPool.SendWithVersionDetectionAndRetryAsync(HttpRequestMessage request, Boolean async, Boolean doRequestAuth, CancellationToken cancellationToken)
   at System.Net.Http.AuthenticationHelper.SendWithAuthAsync(HttpRequestMessage request, Uri authUri, Boolean async, ICredentials credentials, Boolean preAuthenticate, Boolean isProxyAuth, Boolean doRequestAuth, HttpConnectionPool pool, CancellationToken cancellationToken)
   at System.Net.Http.RedirectHandler.SendAsync(HttpRequestMessage request, Boolean async, CancellationToken cancellationToken)
   at GitHub.Services.Common.RawHttpMessageHandler.SendAsync(HttpRequestMessage request, CancellationToken cancellationToken)
   at GitHub.Services.Common.VssHttpRetryMessageHandler.SendAsync(HttpRequestMessage request, CancellationToken cancellationToken)
   at System.Net.Http.HttpClient.<SendAsync>g__Core|83_0(HttpRequestMessage request, HttpCompletionOption completionOption, CancellationTokenSource cts, Boolean disposeCts, CancellationTokenSource pendingRequestsCts, CancellationToken originalCancellationToken)
[2026-01-29 17:44:31Z ERR  BrokerServer] #####################################################
[2026-01-29 17:44:31Z ERR  BrokerServer] System.IO.IOException: Unable to read data from the transport connection: La operación de E/S se anuló por una salida de subproceso o por una solicitud de aplicación..
 ---> System.Net.Sockets.SocketException (995): La operación de E/S se anuló por una salida de subproceso o por una solicitud de aplicación.
   --- End of inner exception stack trace ---
   at System.Net.Sockets.Socket.AwaitableSocketAsyncEventArgs.ThrowException(SocketError error, CancellationToken cancellationToken)
   at System.Net.Sockets.Socket.AwaitableSocketAsyncEventArgs.System.Threading.Tasks.Sources.IValueTaskSource<System.Int32>.GetResult(Int16 token)
   at System.Net.Security.SslStream.EnsureFullTlsFrameAsync[TIOAdapter](CancellationToken cancellationToken, Int32 estimatedSize)
   at System.Runtime.CompilerServices.PoolingAsyncValueTaskMethodBuilder`1.StateMachineBox`1.System.Threading.Tasks.Sources.IValueTaskSource<TResult>.GetResult(Int16 token)
   at System.Net.Security.SslStream.ReadAsyncInternal[TIOAdapter](Memory`1 buffer, CancellationToken cancellationToken)
   at System.Runtime.CompilerServices.PoolingAsyncValueTaskMethodBuilder`1.StateMachineBox`1.System.Threading.Tasks.Sources.IValueTaskSource<TResult>.GetResult(Int16 token)
   at System.Net.Http.HttpConnection.SendAsync(HttpRequestMessage request, Boolean async, CancellationToken cancellationToken)
[2026-01-29 17:44:31Z ERR  BrokerServer] #####################################################
[2026-01-29 17:44:31Z ERR  BrokerServer] System.Net.Sockets.SocketException (995): La operación de E/S se anuló por una salida de subproceso o por una solicitud de aplicación.
[2026-01-29 17:44:31Z WARN BrokerServer] Back off 8.023 seconds before next retry. 4 attempt left.
[2026-01-29 17:44:31Z INFO BrokerMessageListener] Get next message has been cancelled.
[2026-01-29 17:44:31Z INFO JobDispatcher] Shutting down JobDispatcher. Make sure all WorkerDispatcher has finished.
[2026-01-29 17:44:31Z INFO JobDispatcher] Ensure WorkerDispatcher for job 8d85ea92-a8e1-5925-87b3-703e40b437ec run to finish, cancel any running job.
[2026-01-29 17:44:31Z INFO JobDispatcher] Job request 8d85ea92-a8e1-5925-87b3-703e40b437ec processed succeed.
[2026-01-29 17:44:31Z INFO Runner] Deleting Runner Session...
[2026-01-29 17:44:32Z INFO Listener] Runner execution been cancelled.
